0 info it worked if it ends with ok
1 verbose cli [ '/usr/local/bin/node',
1 verbose cli   '/usr/local/bin/npm',
1 verbose cli   'run',
1 verbose cli   'nodemon',
1 verbose cli   'merge-sort.js' ]
2 info using npm@4.0.2
3 info using node@v6.9.1
4 verbose run-script [ 'prenodemon', 'nodemon', 'postnodemon' ]
5 info lifecycle nodejs@1.0.0~prenodemon: nodejs@1.0.0
6 silly lifecycle nodejs@1.0.0~prenodemon: no script for prenodemon, continuing
7 info lifecycle nodejs@1.0.0~nodemon: nodejs@1.0.0
8 verbose lifecycle nodejs@1.0.0~nodemon: unsafe-perm in lifecycle true
9 verbose lifecycle nodejs@1.0.0~nodemon: PATH: /usr/local/lib/node_modules/npm/bin/node-gyp-bin:/Users/auroraixion/typescript_fundamentals/sorting/node_modules/.bin:/usr/local/bin:/usr/bin:/bin:/usr/sbin:/sbin:/usr/local/share/zsh
10 verbose lifecycle nodejs@1.0.0~nodemon: CWD: /Users/auroraixion/typescript_fundamentals/sorting
11 silly lifecycle nodejs@1.0.0~nodemon: Args: [ '-c',
11 silly lifecycle   './node_modules/nodemon/bin/nodemon.js --config nodemon.json --exec npm run dev  "merge-sort.js"' ]
12 info lifecycle nodejs@1.0.0~nodemon: Failed to exec nodemon script
13 verbose stack Error: nodejs@1.0.0 nodemon: `./node_modules/nodemon/bin/nodemon.js --config nodemon.json --exec npm run dev  "merge-sort.js"`
13 verbose stack spawn ENOENT
13 verbose stack     at ChildProcess.<anonymous> (/usr/local/lib/node_modules/npm/lib/utils/spawn.js:33:16)
13 verbose stack     at emitTwo (events.js:106:13)
13 verbose stack     at ChildProcess.emit (events.js:191:7)
13 verbose stack     at maybeClose (internal/child_process.js:877:16)
13 verbose stack     at Process.ChildProcess._handle.onexit (internal/child_process.js:226:5)
14 verbose pkgid nodejs@1.0.0
15 verbose cwd /Users/auroraixion/typescript_fundamentals/sorting
16 error Darwin 17.3.0
17 error argv "/usr/local/bin/node" "/usr/local/bin/npm" "run" "nodemon" "merge-sort.js"
18 error node v6.9.1
19 error npm  v4.0.2
20 error file sh
21 error code ELIFECYCLE
22 error errno ENOENT
23 error syscall spawn
24 error nodejs@1.0.0 nodemon: `./node_modules/nodemon/bin/nodemon.js --config nodemon.json --exec npm run dev  "merge-sort.js"`
24 error spawn ENOENT
25 error Failed at the nodejs@1.0.0 nodemon script './node_modules/nodemon/bin/nodemon.js --config nodemon.json --exec npm run dev  "merge-sort.js"'.
25 error Make sure you have the latest version of node.js and npm installed.
25 error If you do, this is most likely a problem with the nodejs package,
25 error not with npm itself.
25 error Tell the author that this fails on your system:
25 error     ./node_modules/nodemon/bin/nodemon.js --config nodemon.json --exec npm run dev  "merge-sort.js"
25 error You can get information on how to open an issue for this project with:
25 error     npm bugs nodejs
25 error Or if that isn't available, you can get their info via:
25 error     npm owner ls nodejs
25 error There is likely additional logging output above.
26 verbose exit [ 1, true ]
